<?xml version="1.0" encoding="UTF-8"?>
<testng-results skipped="0" failed="0" total="1" passed="1">
  <reporter-output>
  </reporter-output>
  <suite name="Default suite" duration-ms="11716" started-at="2017-03-26T11:28:59Z" finished-at="2017-03-26T11:29:11Z">
    <groups>
    </groups>
    <test name="Default test" duration-ms="11716" started-at="2017-03-26T11:28:59Z" finished-at="2017-03-26T11:29:11Z">
      <class name="googleTest.GoogleTest">
        <test-method status="PASS" signature="GoogleTest()[pri:0, instance:googleTest.GoogleTest@5d75eb]" name="GoogleTest" duration-ms="11699" started-at="2017-03-26T16:58:59Z" finished-at="2017-03-26T16:59:11Z">
          <reporter-output>
          </reporter-output>
        </test-method> <!-- GoogleTest -->
      </class> <!-- googleTest.GoogleTest -->
    </test> <!-- Default test -->
  </suite> <!-- Default suite -->
</testng-results>
