<?xml version="1.0" encoding="UTF-8"?>
<testng-results skipped="0" failed="0" ignored="0" total="1" passed="1">
  <reporter-output>
  </reporter-output>
  <suite name="Default suite" duration-ms="12910" started-at="2017-03-25T13:18:58Z" finished-at="2017-03-25T13:19:11Z">
    <groups>
    </groups>
    <test name="Default test" duration-ms="12910" started-at="2017-03-25T13:18:58Z" finished-at="2017-03-25T13:19:11Z">
      <class name="googleTest.GoogleTest">
        <test-method status="PASS" signature="GoogleTest()[pri:0, instance:googleTest.GoogleTest@4daa7d]" name="GoogleTest" duration-ms="12876" started-at="2017-03-25T18:48:58Z" finished-at="2017-03-25T18:49:11Z">
          <reporter-output>
          </reporter-output>
        </test-method> <!-- GoogleTest -->
      </class> <!-- googleTest.GoogleTest -->
    </test> <!-- Default test -->
  </suite> <!-- Default suite -->
</testng-results>
